<!doctype html>
<html lang="fr">
<head>
    <meta charset="UTF-8">
    <meta name="viewport"
          content="width=device-width, user-scalable=no, initial-scale=1.0, maximum-scale=1.0, minimum-scale=1.0">
    <meta http-equiv="X-UA-Compatible" content="ie=edge">
    <title>Test Results Report - Test</title>

    <link href="reportng.css" rel="stylesheet" type="text/css"/>
</head>
<body>
<div id="meta">
G&#x00E9;n&#x00E9;r&#x00E9;s par <a href="http://www.testng.org" target="_blank">TestNG</a> avec <a href="https://github.com/testng-team/reportng" target="_blank">ReportNG</a>
&#x00E0; 11:46 WAT du vendredi 04 juin 2021
    <br/><span
    id="systemInfo">Mootaz.benabdallah@DESKTOP-63DTJNU&nbsp;/&nbsp;Java 1.8.0_291 (Oracle Corporation)&nbsp;/&nbsp;Windows 10 10.0 (amd64)</span>
</div>
<h1>Test</h1>

<p>
    <a href="index.html">Suites</a>
        &#183; <a href="output.html">Sortie de Journal</a>
</p>

<p>Dur&#x00E9;e de name
    : 248,183s</p>


    <table class="resultsTable">
        <tr>
            <th colspan="3" class="header failed">Tests &#x00C9;chou&#x00E9;s</th>
        </tr>
            <tr>
                <td class="group" colspan="3">com.qualiprobdd.e2etests.ActionRunner</td>
            </tr>
    <tr>
        <td class="method">
                <span class="description" title="Runs Cucumber Scenarios">
                    runScenario
                </span>
        </td>
        <td class="duration">
            51,105s
        </td>
        <td class="result">
            <!-- Display the dependencies for skipped test methods -->

                <i>Arguments de la m&#x00E9;thode: </i>
                <span class="arguments">
                    "Creation fiche Action", "Qualipro- Test fiche Action"
                </span>
                <br/>

            <!-- Show logger output for the test -->

                <a href="javascript:toggleElement('exception-0', 'block')"
                   title="Cliquez pour afficher/cacher">
                    <b>org.openqa.selenium.NoSuchElementException: no such element: Unable to locate element: {&quot;method&quot;:&quot;css selector&quot;,&quot;selector&quot;:&quot;input&quot;}<br/>
&nbsp; (Session info: chrome=91.0.4472.77)<br/>
For documentation on this error, please visit: http://seleniumhq.org/exceptions/no_such_element.html<br/>
Build info: version: &apos;3.8.0&apos;, revision: &apos;924c4067df&apos;, time: &apos;2017-11-30T11:20:39.408Z&apos;<br/>
System info: host: &apos;DESKTOP-63DTJNU&apos;, ip: &apos;192.168.56.1&apos;, os.name: &apos;Windows 10&apos;, os.arch: &apos;amd64&apos;, os.version: &apos;10.0&apos;, java.version: &apos;1.8.0_291&apos;<br/>
Driver info: org.openqa.selenium.chrome.ChromeDriver<br/>
Capabilities {acceptInsecureCerts: false, browserName: chrome, browserVersion: 91.0.4472.77, chrome: {chromedriverVersion: 91.0.4472.19 (1bf021f248676..., userDataDir: C:\Users\MOOTAZ~1.BEN\AppDa...}, goog:chromeOptions: {debuggerAddress: localhost:65157}, javascriptEnabled: true, networkConnectionEnabled: false, pageLoadStrategy: normal, platform: WINDOWS, platformName: WINDOWS, proxy: Proxy(), setWindowRect: true, strictFileInteractability: false, timeouts: {implicit: 0, pageLoad: 300000, script: 30000}, unhandledPromptBehavior: dismiss and notify, webauthn:extension:largeBlob: true, webauthn:virtualAuthenticators: true}<br/>
Session ID: c1fc366d49e38c2824f4b0aba70a375b<br/>
*** Element info: {Using=tag name, value=input}</b>
                </a>
                <br/>
                <div class="stackTrace" id="exception-0">
                        sun.reflect.NativeConstructorAccessorImpl.newInstance0(Native Method)<br/>
                        sun.reflect.NativeConstructorAccessorImpl.newInstance(NativeConstructorAccessorImpl.java:62)<br/>
                        sun.reflect.DelegatingConstructorAccessorImpl.newInstance(DelegatingConstructorAccessorImpl.java:45)<br/>
                        java.lang.reflect.Constructor.newInstance(Constructor.java:423)<br/>
                        org.openqa.selenium.remote.http.W3CHttpResponseCodec.createException(W3CHttpResponseCodec.java:187)<br/>
                        org.openqa.selenium.remote.http.W3CHttpResponseCodec.decode(W3CHttpResponseCodec.java:122)<br/>
                        org.openqa.selenium.remote.http.W3CHttpResponseCodec.decode(W3CHttpResponseCodec.java:49)<br/>
                        org.openqa.selenium.remote.HttpCommandExecutor.execute(HttpCommandExecutor.java:164)<br/>
                        org.openqa.selenium.remote.service.DriverCommandExecutor.execute(DriverCommandExecutor.java:83)<br/>
                        org.openqa.selenium.remote.RemoteWebDriver.execute(RemoteWebDriver.java:601)<br/>
                        org.openqa.selenium.remote.RemoteWebElement.execute(RemoteWebElement.java:279)<br/>
                        org.openqa.selenium.remote.RemoteWebElement.findElement(RemoteWebElement.java:179)<br/>
                        org.openqa.selenium.remote.RemoteWebElement.findElementByTagName(RemoteWebElement.java:271)<br/>
                        org.openqa.selenium.By$ByTagName.findElement(By.java:334)<br/>
                        org.openqa.selenium.remote.RemoteWebElement.findElement(RemoteWebElement.java:175)<br/>
                        com.qualiprobdd.e2etests.moduleAction.models.FicheActionModele.clique_sur_valider(FicheActionModele.java:67)<br/>
                        com.qualiprobdd.e2etests.moduleAction.stepdefs.FicheActionStepDefinition.clique_sur_valider(FicheActionStepDefinition.java:68)<br/>
                        ✽.clique&nbsp;&nbsp; sur&nbsp;&nbsp; valider(file:///E:/qualipro/trunk/AutomatisationTQualiPro_prod231/src/specs/features/moduleAction/Action.feature:20)<br/>
                </div>
        </td>
    </tr>
    <tr>
        <td class="method">
                <span class="description" title="Runs Cucumber Scenarios">
                    runScenario
                </span>
        </td>
        <td class="duration">
            40,418s
        </td>
        <td class="result">
            <!-- Display the dependencies for skipped test methods -->

                <i>Arguments de la m&#x00E9;thode: </i>
                <span class="arguments">
                    "Qualipro- En tant que responsable, je souhaite traiter et suivre l action avec des taux différents", "Qualipro- Test fiche Action"
                </span>
                <br/>

            <!-- Show logger output for the test -->

                <a href="javascript:toggleElement('exception-1', 'block')"
                   title="Cliquez pour afficher/cacher">
                    <b>org.openqa.selenium.NoSuchElementException: no such element: Unable to locate element: {&quot;method&quot;:&quot;xpath&quot;,&quot;selector&quot;:&quot;//*[@id=&quot;ctl00_ContentPlaceHolder1_GridView1&quot;]/tbody/tr/td[1]&quot;}<br/>
&nbsp; (Session info: chrome=91.0.4472.77)<br/>
For documentation on this error, please visit: http://seleniumhq.org/exceptions/no_such_element.html<br/>
Build info: version: &apos;3.8.0&apos;, revision: &apos;924c4067df&apos;, time: &apos;2017-11-30T11:20:39.408Z&apos;<br/>
System info: host: &apos;DESKTOP-63DTJNU&apos;, ip: &apos;192.168.56.1&apos;, os.name: &apos;Windows 10&apos;, os.arch: &apos;amd64&apos;, os.version: &apos;10.0&apos;, java.version: &apos;1.8.0_291&apos;<br/>
Driver info: org.openqa.selenium.chrome.ChromeDriver<br/>
Capabilities {acceptInsecureCerts: false, browserName: chrome, browserVersion: 91.0.4472.77, chrome: {chromedriverVersion: 91.0.4472.19 (1bf021f248676..., userDataDir: C:\Users\MOOTAZ~1.BEN\AppDa...}, goog:chromeOptions: {debuggerAddress: localhost:65021}, javascriptEnabled: true, networkConnectionEnabled: false, pageLoadStrategy: normal, platform: WINDOWS, platformName: WINDOWS, proxy: Proxy(), setWindowRect: true, strictFileInteractability: false, timeouts: {implicit: 0, pageLoad: 300000, script: 30000}, unhandledPromptBehavior: dismiss and notify, webauthn:extension:largeBlob: true, webauthn:virtualAuthenticators: true}<br/>
Session ID: 75442a2474a103f85bfe7416803cabdf<br/>
*** Element info: {Using=xpath, value=//*[@id=&quot;ctl00_ContentPlaceHolder1_GridView1&quot;]/tbody/tr/td[1]}</b>
                </a>
                <br/>
                <div class="stackTrace" id="exception-1">
                        sun.reflect.NativeConstructorAccessorImpl.newInstance0(Native Method)<br/>
                        sun.reflect.NativeConstructorAccessorImpl.newInstance(NativeConstructorAccessorImpl.java:62)<br/>
                        sun.reflect.DelegatingConstructorAccessorImpl.newInstance(DelegatingConstructorAccessorImpl.java:45)<br/>
                        java.lang.reflect.Constructor.newInstance(Constructor.java:423)<br/>
                        org.openqa.selenium.remote.http.W3CHttpResponseCodec.createException(W3CHttpResponseCodec.java:187)<br/>
                        org.openqa.selenium.remote.http.W3CHttpResponseCodec.decode(W3CHttpResponseCodec.java:122)<br/>
                        org.openqa.selenium.remote.http.W3CHttpResponseCodec.decode(W3CHttpResponseCodec.java:49)<br/>
                        org.openqa.selenium.remote.HttpCommandExecutor.execute(HttpCommandExecutor.java:164)<br/>
                        org.openqa.selenium.remote.service.DriverCommandExecutor.execute(DriverCommandExecutor.java:83)<br/>
                        org.openqa.selenium.remote.RemoteWebDriver.execute(RemoteWebDriver.java:601)<br/>
                        org.openqa.selenium.remote.RemoteWebDriver.findElement(RemoteWebDriver.java:371)<br/>
                        org.openqa.selenium.remote.RemoteWebDriver.findElementByXPath(RemoteWebDriver.java:473)<br/>
                        org.openqa.selenium.By$ByXPath.findElement(By.java:361)<br/>
                        org.openqa.selenium.remote.RemoteWebDriver.findElement(RemoteWebDriver.java:363)<br/>
                        org.openqa.selenium.support.pagefactory.DefaultElementLocator.findElement(DefaultElementLocator.java:69)<br/>
                        org.openqa.selenium.support.pagefactory.internal.LocatingElementHandler.invoke(LocatingElementHandler.java:38)<br/>
                        com.sun.proxy.$Proxy20.findElement(Unknown Source)<br/>
                        com.qualiprobdd.e2etests.moduleAction.models.FicheActionModele.choixNumActionRealisation(FicheActionModele.java:786)<br/>
                        com.qualiprobdd.e2etests.moduleAction.stepdefs.FicheActionStepDefinition.consulter_action_a_traiter(FicheActionStepDefinition.java:626)<br/>
                        ✽.Consulter action a traiter(file:///E:/qualipro/trunk/AutomatisationTQualiPro_prod231/src/specs/features/moduleAction/Action.feature:88)<br/>
                </div>
        </td>
    </tr>
    <tr>
        <td class="method">
                <span class="description" title="Runs Cucumber Scenarios">
                    runScenario
                </span>
        </td>
        <td class="duration">
            54,530s
        </td>
        <td class="result">
            <!-- Display the dependencies for skipped test methods -->

                <i>Arguments de la m&#x00E9;thode: </i>
                <span class="arguments">
                    "Creation fiche Action", "Qualipro- Test fiche Action"
                </span>
                <br/>

            <!-- Show logger output for the test -->

                <a href="javascript:toggleElement('exception-2', 'block')"
                   title="Cliquez pour afficher/cacher">
                    <b>java.lang.AssertionError: expected [true] but found [false]</b>
                </a>
                <br/>
                <div class="stackTrace" id="exception-2">
                        org.testng.Assert.fail(Assert.java:99)<br/>
                        org.testng.Assert.failNotEquals(Assert.java:1037)<br/>
                        org.testng.Assert.assertTrue(Assert.java:45)<br/>
                        org.testng.Assert.assertTrue(Assert.java:55)<br/>
                        com.qualiprobdd.e2etests.moduleAction.stepdefs.FicheActionStepDefinition.fiche_Action_ajouté(FicheActionStepDefinition.java:367)<br/>
                        ✽.Fiche Action ajouté(file:///E:/qualipro/trunk/AutomatisationTQualiPro_prod231/src/specs/features/moduleAction/Action.feature:61)<br/>
                </div>
        </td>
    </tr>
    <tr>
        <td class="method">
                <span class="description" title="Runs Cucumber Scenarios">
                    runScenario
                </span>
        </td>
        <td class="duration">
            41,471s
        </td>
        <td class="result">
            <!-- Display the dependencies for skipped test methods -->

                <i>Arguments de la m&#x00E9;thode: </i>
                <span class="arguments">
                    "Qualipro- En tant que responsable, je souhaite traiter et suivre l action avec des taux différents", "Qualipro- Test fiche Action"
                </span>
                <br/>

            <!-- Show logger output for the test -->

                <a href="javascript:toggleElement('exception-3', 'block')"
                   title="Cliquez pour afficher/cacher">
                    <b>org.openqa.selenium.NoSuchElementException: no such element: Unable to locate element: {&quot;method&quot;:&quot;xpath&quot;,&quot;selector&quot;:&quot;//*[@id=&quot;ctl00_ContentPlaceHolder1_GridView1&quot;]/tbody/tr/td[1]&quot;}<br/>
&nbsp; (Session info: chrome=91.0.4472.77)<br/>
For documentation on this error, please visit: http://seleniumhq.org/exceptions/no_such_element.html<br/>
Build info: version: &apos;3.8.0&apos;, revision: &apos;924c4067df&apos;, time: &apos;2017-11-30T11:20:39.408Z&apos;<br/>
System info: host: &apos;DESKTOP-63DTJNU&apos;, ip: &apos;192.168.56.1&apos;, os.name: &apos;Windows 10&apos;, os.arch: &apos;amd64&apos;, os.version: &apos;10.0&apos;, java.version: &apos;1.8.0_291&apos;<br/>
Driver info: org.openqa.selenium.chrome.ChromeDriver<br/>
Capabilities {acceptInsecureCerts: false, browserName: chrome, browserVersion: 91.0.4472.77, chrome: {chromedriverVersion: 91.0.4472.19 (1bf021f248676..., userDataDir: C:\Users\MOOTAZ~1.BEN\AppDa...}, goog:chromeOptions: {debuggerAddress: localhost:62684}, javascriptEnabled: true, networkConnectionEnabled: false, pageLoadStrategy: normal, platform: WINDOWS, platformName: WINDOWS, proxy: Proxy(), setWindowRect: true, strictFileInteractability: false, timeouts: {implicit: 0, pageLoad: 300000, script: 30000}, unhandledPromptBehavior: dismiss and notify, webauthn:extension:largeBlob: true, webauthn:virtualAuthenticators: true}<br/>
Session ID: 3cdedc58120028ec97b565ee9571329a<br/>
*** Element info: {Using=xpath, value=//*[@id=&quot;ctl00_ContentPlaceHolder1_GridView1&quot;]/tbody/tr/td[1]}</b>
                </a>
                <br/>
                <div class="stackTrace" id="exception-3">
                        sun.reflect.NativeConstructorAccessorImpl.newInstance0(Native Method)<br/>
                        sun.reflect.NativeConstructorAccessorImpl.newInstance(NativeConstructorAccessorImpl.java:62)<br/>
                        sun.reflect.DelegatingConstructorAccessorImpl.newInstance(DelegatingConstructorAccessorImpl.java:45)<br/>
                        java.lang.reflect.Constructor.newInstance(Constructor.java:423)<br/>
                        org.openqa.selenium.remote.http.W3CHttpResponseCodec.createException(W3CHttpResponseCodec.java:187)<br/>
                        org.openqa.selenium.remote.http.W3CHttpResponseCodec.decode(W3CHttpResponseCodec.java:122)<br/>
                        org.openqa.selenium.remote.http.W3CHttpResponseCodec.decode(W3CHttpResponseCodec.java:49)<br/>
                        org.openqa.selenium.remote.HttpCommandExecutor.execute(HttpCommandExecutor.java:164)<br/>
                        org.openqa.selenium.remote.service.DriverCommandExecutor.execute(DriverCommandExecutor.java:83)<br/>
                        org.openqa.selenium.remote.RemoteWebDriver.execute(RemoteWebDriver.java:601)<br/>
                        org.openqa.selenium.remote.RemoteWebDriver.findElement(RemoteWebDriver.java:371)<br/>
                        org.openqa.selenium.remote.RemoteWebDriver.findElementByXPath(RemoteWebDriver.java:473)<br/>
                        org.openqa.selenium.By$ByXPath.findElement(By.java:361)<br/>
                        org.openqa.selenium.remote.RemoteWebDriver.findElement(RemoteWebDriver.java:363)<br/>
                        org.openqa.selenium.support.pagefactory.DefaultElementLocator.findElement(DefaultElementLocator.java:69)<br/>
                        org.openqa.selenium.support.pagefactory.internal.LocatingElementHandler.invoke(LocatingElementHandler.java:38)<br/>
                        com.sun.proxy.$Proxy20.findElement(Unknown Source)<br/>
                        com.qualiprobdd.e2etests.moduleAction.models.FicheActionModele.choixNumActionRealisation(FicheActionModele.java:786)<br/>
                        com.qualiprobdd.e2etests.moduleAction.stepdefs.FicheActionStepDefinition.consulter_action_a_traiter(FicheActionStepDefinition.java:626)<br/>
                        ✽.Consulter action a traiter(file:///E:/qualipro/trunk/AutomatisationTQualiPro_prod231/src/specs/features/moduleAction/Action.feature:88)<br/>
                </div>
        </td>
    </tr>
    </table>


    <table class="resultsTable" width="100%">
        <tr>
            <th colspan="3" class="header passed">Tests R&#x00E9;ussis</th>
        </tr>
            <tr>
                <td class="group" colspan="3">com.qualiprobdd.e2etests.ActionRunner</td>
            </tr>
    <tr>
        <td class="method">
                <span class="description" title="Runs Cucumber Scenarios">
                    runScenario
                </span>
        </td>
        <td class="duration">
            60,347s
        </td>
        <td class="result">
            <!-- Display the dependencies for skipped test methods -->

                <i>Arguments de la m&#x00E9;thode: </i>
                <span class="arguments">
                    "Vérification Action Non Clôturée", "Qualipro- Test fiche Action"
                </span>
                <br/>

            <!-- Show logger output for the test -->

        </td>
    </tr>
    </table>

<script type="text/javascript" src="reportng.js"></script>
</body>
