<?xml version="1.0" encoding="UTF-8"?>
<testsuite name="FicheEmp"
           tests="1"
           failures="1"
           errors="0"
           skipped="0"
           time="0,655">
    <properties></properties>

            <testcase
                name="feature"
                time="0,655"
                classname="com.qualiprobdd.e2etests.EmpRunner">

            <failure type="cucumber.runtime.CucumberException" message="java.lang.NoClassDefFoundError: org/apache/commons/logging/LogFactory">
                <![CDATA[cucumber.runtime.CucumberException: java.lang.NoClassDefFoundError: org/apache/commons/logging/LogFactory
                cucumber.api.testng.TestNGCucumberRunner.runCucumber(TestNGCucumberRunner.java:69)cucumber.api.testng.AbstractTestNGCucumberTests.feature(AbstractTestNGCucumberTests.java:21)sun.reflect.NativeMethodAccessorImpl.invoke0(Native Method)sun.reflect.NativeMethodAccessorImpl.invoke(NativeMethodAccessorImpl.java:62)sun.reflect.DelegatingMethodAccessorImpl.invoke(DelegatingMethodAccessorImpl.java:43)java.lang.reflect.Method.invoke(Method.java:498)org.testng.internal.MethodInvocationHelper.invokeMethod(MethodInvocationHelper.java:132)org.testng.internal.TestInvoker.invokeMethod(TestInvoker.java:599)org.testng.internal.TestInvoker.invokeTestMethod(TestInvoker.java:174)org.testng.internal.MethodRunner.runInSequence(MethodRunner.java:46)org.testng.internal.TestInvoker$MethodInvocationAgent.invoke(TestInvoker.java:822)org.testng.internal.TestInvoker.invokeTestMethods(TestInvoker.java:147)org.testng.internal.TestMethodWorker.invokeTestMethods(TestMethodWorker.java:146)org.testng.internal.TestMethodWorker.run(TestMethodWorker.java:128)java.util.ArrayList.forEach(ArrayList.java:1259)org.testng.TestRunner.privateRun(TestRunner.java:764)org.testng.TestRunner.run(TestRunner.java:585)org.testng.SuiteRunner.runTest(SuiteRunner.java:384)org.testng.SuiteRunner.runSequentially(SuiteRunner.java:378)org.testng.SuiteRunner.privateRun(SuiteRunner.java:337)org.testng.SuiteRunner.run(SuiteRunner.java:286)org.testng.SuiteRunnerWorker.runSuite(SuiteRunnerWorker.java:53)org.testng.SuiteRunnerWorker.run(SuiteRunnerWorker.java:96)org.testng.TestNG.runSuitesSequentially(TestNG.java:1218)org.testng.TestNG.runSuitesLocally(TestNG.java:1140)org.testng.TestNG.runSuites(TestNG.java:1069)org.testng.TestNG.run(TestNG.java:1037)com.intellij.rt.testng.IDEARemoteTestNG.run(IDEARemoteTestNG.java:66)com.intellij.rt.testng.RemoteTestNGStarter.main(RemoteTestNGStarter.java:109)
                    Caus&#x00E9;s par: java.lang.NoClassDefFoundError: org/apache/commons/logging/LogFactory
                    org.apache.http.conn.ssl.AbstractVerifier.<init>(AbstractVerifier.java:61)org.apache.http.conn.ssl.AllowAllHostnameVerifier.<init>(AllowAllHostnameVerifier.java:44)org.apache.http.conn.ssl.AllowAllHostnameVerifier.<clinit>(AllowAllHostnameVerifier.java:46)org.apache.http.conn.ssl.SSLConnectionSocketFactory.<clinit>(SSLConnectionSocketFactory.java:146)org.openqa.selenium.remote.internal.HttpClientFactory.getClientConnectionManager(HttpClientFactory.java:71)org.openqa.selenium.remote.internal.HttpClientFactory.<init>(HttpClientFactory.java:57)org.openqa.selenium.remote.internal.HttpClientFactory.<init>(HttpClientFactory.java:60)org.openqa.selenium.remote.internal.ApacheHttpClient$Factory.getDefaultHttpClientFactory(ApacheHttpClient.java:242)org.openqa.selenium.remote.internal.ApacheHttpClient$Factory.<init>(ApacheHttpClient.java:219)org.openqa.selenium.remote.HttpCommandExecutor.getDefaultClientFactory(HttpCommandExecutor.java:93)org.openqa.selenium.remote.HttpCommandExecutor.<init>(HttpCommandExecutor.java:72)org.openqa.selenium.remote.service.DriverCommandExecutor.<init>(DriverCommandExecutor.java:63)org.openqa.selenium.chrome.ChromeDriverCommandExecutor.<init>(ChromeDriverCommandExecutor.java:40)org.openqa.selenium.chrome.ChromeDriver.<init>(ChromeDriver.java:174)com.qualiprobdd.e2etests.util.ChromeDriverManager.createDriver(ChromeDriverManager.java:79)com.qualiprobdd.e2etests.util.DriverManager.getDriver(DriverManager.java:26)com.qualiprobdd.e2etests.util.Setup.setup(Setup.java:50)sun.reflect.NativeMethodAccessorImpl.invoke0(Native Method)sun.reflect.NativeMethodAccessorImpl.invoke(NativeMethodAccessorImpl.java:62)sun.reflect.DelegatingMethodAccessorImpl.invoke(DelegatingMethodAccessorImpl.java:43)java.lang.reflect.Method.invoke(Method.java:498)cucumber.runtime.Utils$1.call(Utils.java:40)cucumber.runtime.Timeout.timeout(Timeout.java:16)cucumber.runtime.Utils.invoke(Utils.java:34)cucumber.runtime.java.JavaHookDefinition.execute(JavaHookDefinition.java:60)cucumber.runtime.Runtime.runHookIfTagsMatch(Runtime.java:224)cucumber.runtime.Runtime.runHooks(Runtime.java:212)cucumber.runtime.Runtime.runBeforeHooks(Runtime.java:202)cucumber.runtime.model.CucumberScenario.run(CucumberScenario.java:40)cucumber.runtime.model.CucumberScenarioOutline.run(CucumberScenarioOutline.java:46)cucumber.runtime.model.CucumberFeature.run(CucumberFeature.java:165)cucumber.api.testng.TestNGCucumberRunner.runCucumber(TestNGCucumberRunner.java:63)cucumber.api.testng.AbstractTestNGCucumberTests.feature(AbstractTestNGCucumberTests.java:21)sun.reflect.NativeMethodAccessorImpl.invoke0(Native Method)sun.reflect.NativeMethodAccessorImpl.invoke(NativeMethodAccessorImpl.java:62)sun.reflect.DelegatingMethodAccessorImpl.invoke(DelegatingMethodAccessorImpl.java:43)java.lang.reflect.Method.invoke(Method.java:498)org.testng.internal.MethodInvocationHelper.invokeMethod(MethodInvocationHelper.java:132)org.testng.internal.TestInvoker.invokeMethod(TestInvoker.java:599)org.testng.internal.TestInvoker.invokeTestMethod(TestInvoker.java:174)org.testng.internal.MethodRunner.runInSequence(MethodRunner.java:46)org.testng.internal.TestInvoker$MethodInvocationAgent.invoke(TestInvoker.java:822)org.testng.internal.TestInvoker.invokeTestMethods(TestInvoker.java:147)org.testng.internal.TestMethodWorker.invokeTestMethods(TestMethodWorker.java:146)org.testng.internal.TestMethodWorker.run(TestMethodWorker.java:128)java.util.ArrayList.forEach(ArrayList.java:1259)org.testng.TestRunner.privateRun(TestRunner.java:764)org.testng.TestRunner.run(TestRunner.java:585)org.testng.SuiteRunner.runTest(SuiteRunner.java:384)org.testng.SuiteRunner.runSequentially(SuiteRunner.java:378)org.testng.SuiteRunner.privateRun(SuiteRunner.java:337)org.testng.SuiteRunner.run(SuiteRunner.java:286)org.testng.SuiteRunnerWorker.runSuite(SuiteRunnerWorker.java:53)org.testng.SuiteRunnerWorker.run(SuiteRunnerWorker.java:96)org.testng.TestNG.runSuitesSequentially(TestNG.java:1218)org.testng.TestNG.runSuitesLocally(TestNG.java:1140)org.testng.TestNG.runSuites(TestNG.java:1069)org.testng.TestNG.run(TestNG.java:1037)com.intellij.rt.testng.IDEARemoteTestNG.run(IDEARemoteTestNG.java:66)com.intellij.rt.testng.RemoteTestNGStarter.main(RemoteTestNGStarter.java:109)
                                    Caus&#x00E9;s par: java.lang.ClassNotFoundException: org.apache.commons.logging.LogFactory
                    java.net.URLClassLoader.findClass(URLClassLoader.java:382)java.lang.ClassLoader.loadClass(ClassLoader.java:418)sun.misc.Launcher$AppClassLoader.loadClass(Launcher.java:355)java.lang.ClassLoader.loadClass(ClassLoader.java:351)org.apache.http.conn.ssl.AbstractVerifier.<init>(AbstractVerifier.java:61)org.apache.http.conn.ssl.AllowAllHostnameVerifier.<init>(AllowAllHostnameVerifier.java:44)org.apache.http.conn.ssl.AllowAllHostnameVerifier.<clinit>(AllowAllHostnameVerifier.java:46)org.apache.http.conn.ssl.SSLConnectionSocketFactory.<clinit>(SSLConnectionSocketFactory.java:146)org.openqa.selenium.remote.internal.HttpClientFactory.getClientConnectionManager(HttpClientFactory.java:71)org.openqa.selenium.remote.internal.HttpClientFactory.<init>(HttpClientFactory.java:57)org.openqa.selenium.remote.internal.HttpClientFactory.<init>(HttpClientFactory.java:60)org.openqa.selenium.remote.internal.ApacheHttpClient$Factory.getDefaultHttpClientFactory(ApacheHttpClient.java:242)org.openqa.selenium.remote.internal.ApacheHttpClient$Factory.<init>(ApacheHttpClient.java:219)org.openqa.selenium.remote.HttpCommandExecutor.getDefaultClientFactory(HttpCommandExecutor.java:93)org.openqa.selenium.remote.HttpCommandExecutor.<init>(HttpCommandExecutor.java:72)org.openqa.selenium.remote.service.DriverCommandExecutor.<init>(DriverCommandExecutor.java:63)org.openqa.selenium.chrome.ChromeDriverCommandExecutor.<init>(ChromeDriverCommandExecutor.java:40)org.openqa.selenium.chrome.ChromeDriver.<init>(ChromeDriver.java:174)com.qualiprobdd.e2etests.util.ChromeDriverManager.createDriver(ChromeDriverManager.java:79)com.qualiprobdd.e2etests.util.DriverManager.getDriver(DriverManager.java:26)com.qualiprobdd.e2etests.util.Setup.setup(Setup.java:50)sun.reflect.NativeMethodAccessorImpl.invoke0(Native Method)sun.reflect.NativeMethodAccessorImpl.invoke(NativeMethodAccessorImpl.java:62)sun.reflect.DelegatingMethodAccessorImpl.invoke(DelegatingMethodAccessorImpl.java:43)java.lang.reflect.Method.invoke(Method.java:498)cucumber.runtime.Utils$1.call(Utils.java:40)cucumber.runtime.Timeout.timeout(Timeout.java:16)cucumber.runtime.Utils.invoke(Utils.java:34)cucumber.runtime.java.JavaHookDefinition.execute(JavaHookDefinition.java:60)cucumber.runtime.Runtime.runHookIfTagsMatch(Runtime.java:224)cucumber.runtime.Runtime.runHooks(Runtime.java:212)cucumber.runtime.Runtime.runBeforeHooks(Runtime.java:202)cucumber.runtime.model.CucumberScenario.run(CucumberScenario.java:40)cucumber.runtime.model.CucumberScenarioOutline.run(CucumberScenarioOutline.java:46)cucumber.runtime.model.CucumberFeature.run(CucumberFeature.java:165)cucumber.api.testng.TestNGCucumberRunner.runCucumber(TestNGCucumberRunner.java:63)cucumber.api.testng.AbstractTestNGCucumberTests.feature(AbstractTestNGCucumberTests.java:21)sun.reflect.NativeMethodAccessorImpl.invoke0(Native Method)sun.reflect.NativeMethodAccessorImpl.invoke(NativeMethodAccessorImpl.java:62)sun.reflect.DelegatingMethodAccessorImpl.invoke(DelegatingMethodAccessorImpl.java:43)java.lang.reflect.Method.invoke(Method.java:498)org.testng.internal.MethodInvocationHelper.invokeMethod(MethodInvocationHelper.java:132)org.testng.internal.TestInvoker.invokeMethod(TestInvoker.java:599)org.testng.internal.TestInvoker.invokeTestMethod(TestInvoker.java:174)org.testng.internal.MethodRunner.runInSequence(MethodRunner.java:46)org.testng.internal.TestInvoker$MethodInvocationAgent.invoke(TestInvoker.java:822)org.testng.internal.TestInvoker.invokeTestMethods(TestInvoker.java:147)org.testng.internal.TestMethodWorker.invokeTestMethods(TestMethodWorker.java:146)org.testng.internal.TestMethodWorker.run(TestMethodWorker.java:128)java.util.ArrayList.forEach(ArrayList.java:1259)org.testng.TestRunner.privateRun(TestRunner.java:764)org.testng.TestRunner.run(TestRunner.java:585)org.testng.SuiteRunner.runTest(SuiteRunner.java:384)org.testng.SuiteRunner.runSequentially(SuiteRunner.java:378)org.testng.SuiteRunner.privateRun(SuiteRunner.java:337)org.testng.SuiteRunner.run(SuiteRunner.java:286)org.testng.SuiteRunnerWorker.runSuite(SuiteRunnerWorker.java:53)org.testng.SuiteRunnerWorker.run(SuiteRunnerWorker.java:96)org.testng.TestNG.runSuitesSequentially(TestNG.java:1218)org.testng.TestNG.runSuitesLocally(TestNG.java:1140)org.testng.TestNG.runSuites(TestNG.java:1069)org.testng.TestNG.run(TestNG.java:1037)com.intellij.rt.testng.IDEARemoteTestNG.run(IDEARemoteTestNG.java:66)com.intellij.rt.testng.RemoteTestNGStarter.main(RemoteTestNGStarter.java:109)
                ]]>
            </failure>
    </testcase>


</testsuite>
